d:\vs2022 code\rometclt\study_project\rometctl\remoteclient\debug\remoteclient.pch
d:\vs2022 code\rometclt\study_project\rometctl\remoteclient\debug\vc143.pdb
d:\vs2022 code\rometclt\study_project\rometctl\remoteclient\debug\vc143.idb
d:\vs2022 code\rometclt\study_project\rometctl\remoteclient\debug\pch.obj
d:\vs2022 code\rometclt\study_project\rometctl\remoteclient\debug\statusdlg.obj
d:\vs2022 code\rometclt\study_project\rometctl\remoteclient\debug\remoteclientdlg.obj
d:\vs2022 code\rometclt\study_project\rometctl\remoteclient\debug\remoteclient.obj
d:\vs2022 code\rometclt\study_project\rometctl\remoteclient\debug\cwatchdialog.obj
d:\vs2022 code\rometclt\study_project\rometctl\remoteclient\debug\clientsockrt.obj
d:\vs2022 code\rometclt\study_project\rometctl\remoteclient\debug\remoteclient.ilk
d:\vs2022 code\rometclt\study_project\rometctl\debug\remoteclient.exe
d:\vs2022 code\rometclt\study_project\rometctl\debug\remoteclient.pdb
d:\vs2022 code\rometclt\study_project\rometctl\remoteclient\debug\remoteclient.res
d:\vs2022 code\rometclt\study_project\rometctl\remoteclient\debug\remoteclient.tlog\cl.command.1.tlog
d:\vs2022 code\rometclt\study_project\rometctl\remoteclient\debug\remoteclient.tlog\cl.items.tlog
d:\vs2022 code\rometclt\study_project\rometctl\remoteclient\debug\remoteclient.tlog\cl.read.1.tlog
d:\vs2022 code\rometclt\study_project\rometctl\remoteclient\debug\remoteclient.tlog\cl.write.1.tlog
d:\vs2022 code\rometclt\study_project\rometctl\remoteclient\debug\remoteclient.tlog\link.command.1.tlog
d:\vs2022 code\rometclt\study_project\rometctl\remoteclient\debug\remoteclient.tlog\link.read.1.tlog
d:\vs2022 code\rometclt\study_project\rometctl\remoteclient\debug\remoteclient.tlog\link.write.1.tlog
d:\vs2022 code\rometclt\study_project\rometctl\remoteclient\debug\remoteclient.tlog\rc.command.1.tlog
d:\vs2022 code\rometclt\study_project\rometctl\remoteclient\debug\remoteclient.tlog\rc.read.1.tlog
d:\vs2022 code\rometclt\study_project\rometctl\remoteclient\debug\remoteclient.tlog\rc.write.1.tlog
