d:\vs2022 code\rometclt\study_project\rometctl\rometctl\debug\rometctl.pch
d:\vs2022 code\rometclt\study_project\rometctl\rometctl\debug\vc1431.pdb
d:\vs2022 code\rometclt\study_project\rometctl\rometctl\debug\vc1431.idb
d:\vs2022 code\rometclt\study_project\rometctl\rometctl\debug\pch.obj
d:\vs2022 code\rometclt\study_project\rometctl\rometctl\debug\serversocket.obj
d:\vs2022 code\rometclt\study_project\rometctl\rometctl\debug\rometctl.obj
d:\vs2022 code\rometclt\study_project\rometctl\rometctl\debug\lockinfodialog.obj
d:\vs2022 code\rometclt\study_project\rometctl\rometctl\debug\rometctl.ilk
d:\vs2022 code\rometclt\study_project\rometctl\debug\rometctl.exe
d:\vs2022 code\rometclt\study_project\rometctl\debug\rometctl.pdb
d:\vs2022 code\rometclt\study_project\rometctl\rometctl\debug\rometctl.res
d:\vs2022 code\rometclt\study_project\rometctl\rometctl\debug\rometctl.tlog\cl.command.1.tlog
d:\vs2022 code\rometclt\study_project\rometctl\rometctl\debug\rometctl.tlog\cl.items.tlog
d:\vs2022 code\rometclt\study_project\rometctl\rometctl\debug\rometctl.tlog\cl.read.1.tlog
d:\vs2022 code\rometclt\study_project\rometctl\rometctl\debug\rometctl.tlog\cl.write.1.tlog
d:\vs2022 code\rometclt\study_project\rometctl\rometctl\debug\rometctl.tlog\link.command.1.tlog
d:\vs2022 code\rometclt\study_project\rometctl\rometctl\debug\rometctl.tlog\link.read.1.tlog
d:\vs2022 code\rometclt\study_project\rometctl\rometctl\debug\rometctl.tlog\link.write.1.tlog
d:\vs2022 code\rometclt\study_project\rometctl\rometctl\debug\rometctl.tlog\rc.command.1.tlog
d:\vs2022 code\rometclt\study_project\rometctl\rometctl\debug\rometctl.tlog\rc.read.1.tlog
d:\vs2022 code\rometclt\study_project\rometctl\rometctl\debug\rometctl.tlog\rc.write.1.tlog
